<?xml version="1.0" encoding="UTF-8"?>
<!-- Generated by org.testng.reporters.JUnitXMLReporter -->
<testsuite ignored="0" hostname="FLXYXQV9TM" failures="0" tests="2" name="Google Test_edge" time="58.906" errors="0" timestamp="2025-05-25T13:12:13 IST">
  <testcase classname="mytest.GoogleTest" name="googleTitleTest" time="0.0">
    <skipped/>
  </testcase> <!-- googleTitleTest -->
  <testcase classname="mytest.GoogleTest" name="googleUrlTest" time="0.0">
    <skipped/>
  </testcase> <!-- googleUrlTest -->
</testsuite> <!-- Google Test_edge -->
