<?xml version="1.0" encoding="UTF-8"?>
<!-- Generated by org.testng.reporters.JUnitXMLReporter -->
<testsuite ignored="0" hostname="FLXYXQV9TM" failures="0" tests="4" name="SeleniumSessions" time="0.021" errors="0" timestamp="2025-05-25T09:25:37 IST">
  <testcase classname="testngconcepts.DataProviderTest" name="testAdd" time="0.002"/>
  <testcase classname="testngconcepts.DataProviderTest" name="testAdd" time="0.0"/>
  <testcase classname="testngconcepts.DataProviderTest" name="testAdd" time="0.0"/>
  <testcase classname="testngconcepts.DataProviderTest" name="testAdd" time="0.001"/>
</testsuite> <!-- SeleniumSessions -->
