<?xml version="1.0" encoding="UTF-8"?>
<!-- Generated by org.testng.reporters.JUnitReportReporter -->
<testsuite hostname="FLXYXQV9TM" failures="0" tests="4" name="testngconcepts.DataProviderTest" time="0.003" errors="0" timestamp="2025-05-25T09:25:37 IST" skipped="0">
  <testcase classname="testngconcepts.DataProviderTest" name="testAdd" time="0.000"/>
  <system-out/>
  <testcase classname="testngconcepts.DataProviderTest" name="testAdd" time="0.000"/>
  <system-out/>
  <testcase classname="testngconcepts.DataProviderTest" name="testAdd" time="0.001"/>
  <system-out/>
  <testcase classname="testngconcepts.DataProviderTest" name="testAdd" time="0.002"/>
  <system-out/>
</testsuite> <!-- testngconcepts.DataProviderTest -->
